<?xml version="1.0" encoding="UTF-8"?>
<testsuite name="com.example.android_sample_app.ExampleUnitTest" tests="1" skipped="0" failures="0" errors="0" timestamp="2022-07-30T13:01:31" hostname="C02X1AHXJG5J" time="0.001">
  <properties/>
  <testcase name="addition_isCorrect" classname="com.example.android_sample_app.ExampleUnitTest" time="0.001"/>
  <system-out><![CDATA[]]></system-out>
  <system-err><![CDATA[]]></system-err>
</testsuite>
